e:\documents\development\cpp\lix\vsinterpreter\debug\vc142.pdb
e:\documents\development\cpp\lix\vsinterpreter\debug\vc142.idb
e:\documents\development\cpp\lix\vsinterpreter\debug\blockstmt.obj
e:\documents\development\cpp\lix\vsinterpreter\debug\scanner.obj
e:\documents\development\cpp\lix\vsinterpreter\debug\parser.obj
e:\documents\development\cpp\lix\vsinterpreter\debug\main.obj
e:\documents\development\cpp\lix\vsinterpreter\debug\lixtypenames.obj
e:\documents\development\cpp\lix\vsinterpreter\debug\visitorexpr.obj
e:\documents\development\cpp\lix\vsinterpreter\debug\varexpr.obj
e:\documents\development\cpp\lix\vsinterpreter\debug\unaryexpr.obj
e:\documents\development\cpp\lix\vsinterpreter\debug\pointnumberexpr.obj
e:\documents\development\cpp\lix\vsinterpreter\debug\numberexpr.obj
e:\documents\development\cpp\lix\vsinterpreter\debug\longnumberexpr.obj
e:\documents\development\cpp\lix\vsinterpreter\debug\groupingexpr.obj
e:\documents\development\cpp\lix\vsinterpreter\debug\expr.obj
e:\documents\development\cpp\lix\vsinterpreter\debug\explicitcastexpr.obj
e:\documents\development\cpp\lix\vsinterpreter\debug\booleanexpr.obj
e:\documents\development\cpp\lix\vsinterpreter\debug\binaryexpr.obj
e:\documents\development\cpp\lix\vsinterpreter\debug\assignexpr.obj
e:\documents\development\cpp\lix\vsinterpreter\debug\converter.obj
e:\documents\development\cpp\lix\vsinterpreter\debug\compiler.obj
e:\documents\development\cpp\lix\vsinterpreter\debug\chunk.obj
e:\documents\development\cpp\lix\vsinterpreter\debug\vm.obj
e:\documents\development\cpp\lix\vsinterpreter\debug\variable.obj
e:\documents\development\cpp\lix\vsinterpreter\debug\token.obj
e:\documents\development\cpp\lix\vsinterpreter\debug\visitorstmt.obj
e:\documents\development\cpp\lix\vsinterpreter\debug\varstmt.obj
e:\documents\development\cpp\lix\vsinterpreter\debug\stmt.obj
e:\documents\development\cpp\lix\vsinterpreter\debug\printstmt.obj
e:\documents\development\cpp\lix\vsinterpreter\debug\ifstmt.obj
e:\documents\development\cpp\lix\vsinterpreter\debug\vsinterpreter.exe
e:\documents\development\cpp\lix\vsinterpreter\debug\vsinterpreter.ilk
e:\documents\development\cpp\lix\vsinterpreter\debug\vsinterpreter.pdb
e:\documents\development\cpp\lix\vsinterpreter\debug\vsinterpreter.tlog\cl.command.1.tlog
e:\documents\development\cpp\lix\vsinterpreter\debug\vsinterpreter.tlog\cl.read.1.tlog
e:\documents\development\cpp\lix\vsinterpreter\debug\vsinterpreter.tlog\cl.write.1.tlog
e:\documents\development\cpp\lix\vsinterpreter\debug\vsinterpreter.tlog\link.command.1.tlog
e:\documents\development\cpp\lix\vsinterpreter\debug\vsinterpreter.tlog\link.read.1.tlog
e:\documents\development\cpp\lix\vsinterpreter\debug\vsinterpreter.tlog\link.write.1.tlog
