  Chunk.cpp
  Compiler.cpp
  class template optional is only available with C++17 or later.
E:\Documents\Development\CPP\Lix\Interpreter\Compiler.cpp(343,16): warning C4244: 'initializing': conversion from 'u_int16_t' to 'uint8_t', possible loss of data
E:\Documents\Development\CPP\Lix\Interpreter\Compiler.cpp(364,16): warning C4244: 'initializing': conversion from 'u_int16_t' to 'uint8_t', possible loss of data
E:\Documents\Development\CPP\Lix\Interpreter\Compiler.cpp(371,16): warning C4244: 'initializing': conversion from 'u_int16_t' to 'uint8_t', possible loss of data
  Converter.cpp
  AssignExpr.cpp
  BinaryExpr.cpp
  BooleanExpr.cpp
  ExplicitCastExpr.cpp
  Expr.cpp
  GroupingExpr.cpp
  LongNumberExpr.cpp
  NumberExpr.cpp
  PointNumberExpr.cpp
  UnaryExpr.cpp
  VarExpr.cpp
  VisitorExpr.cpp
  LixTypenames.cpp
  main.cpp
  class template optional is only available with C++17 or later.
  Parser.cpp
  Scanner.cpp
  BlockStmt.cpp
  Compiling...
  Generating Code...
E:\Documents\Development\CPP\Lix\Interpreter\Chunk.cpp(451): warning C4715: 'Chunk::lixDatatypeToString': not all control paths return a value
E:\Documents\Development\CPP\Lix\Interpreter\Compiler.cpp(119): warning C4715: 'Compiler::cast': not all control paths return a value
E:\Documents\Development\CPP\Lix\Interpreter\Parser.cpp(95): warning C4715: 'Parser::consume': not all control paths return a value
E:\Documents\Development\CPP\Lix\Interpreter\Parser.cpp(120): warning C4715: 'Parser::tokenToDatatype': not all control paths return a value
E:\Documents\Development\CPP\Lix\Interpreter\Parser.cpp(251): warning C4715: 'Parser::literal': not all control paths return a value
E:\Documents\Development\CPP\Lix\Interpreter\Parser.cpp(309): warning C4715: 'Parser::statement': not all control paths return a value
E:\Documents\Development\CPP\Lix\Interpreter\Parser.cpp(400): warning C4715: 'Parser::resolveVar': not all control paths return a value
  Compiling...
  IfStmt.cpp
  PrintStmt.cpp
  Stmt.cpp
  VarStmt.cpp
  VisitorStmt.cpp
  Token.cpp
  Variable.cpp
  Vm.cpp
  Compiling...
  Generating Code...
  VSInterpreter.vcxproj -> E:\Documents\Development\CPP\Lix\VSInterpreter\Debug\VSInterpreter.exe
E:\Documents\Development\CPP\Lix\Interpreter\Expr\BinaryExpr.cpp(4): warning C26812: The enum type 'BinaryExpr::BinaryOperator' is unscoped. Prefer 'enum class' over 'enum' (Enum.3).
E:\Documents\Development\CPP\Lix\Interpreter\Expr\Expr.cpp(3): warning C26495: Variable 'Expr::m_Type' is uninitialized. Always initialize a member variable (type.6).
E:\Documents\Development\CPP\Lix\Interpreter\Expr\UnaryExpr.cpp(3): warning C26812: The enum type 'UnaryExpr::UnaryOperator' is unscoped. Prefer 'enum class' over 'enum' (Enum.3).
E:\Documents\Development\CPP\Lix\Interpreter\Parser.cpp(33): warning C26444: Avoid unnamed objects with custom construction and destruction (es.84).
E:\Documents\Development\CPP\Lix\Interpreter\Parser.cpp(43): warning C26444: Avoid unnamed objects with custom construction and destruction (es.84).
E:\Documents\Development\CPP\Lix\Interpreter\Parser.cpp(197): warning C26444: Avoid unnamed objects with custom construction and destruction (es.84).
E:\Documents\Development\CPP\Lix\Interpreter\Parser.cpp(199): warning C26444: Avoid unnamed objects with custom construction and destruction (es.84).
E:\Documents\Development\CPP\Lix\Interpreter\Parser.cpp(235): warning C26444: Avoid unnamed objects with custom construction and destruction (es.84).
E:\Documents\Development\CPP\Lix\Interpreter\Parser.cpp(288): warning C26444: Avoid unnamed objects with custom construction and destruction (es.84).
E:\Documents\Development\CPP\Lix\Interpreter\Parser.cpp(302): warning C26444: Avoid unnamed objects with custom construction and destruction (es.84).
E:\Documents\Development\CPP\Lix\Interpreter\Parser.cpp(314): warning C26444: Avoid unnamed objects with custom construction and destruction (es.84).
E:\Documents\Development\CPP\Lix\Interpreter\Parser.cpp(322): warning C26444: Avoid unnamed objects with custom construction and destruction (es.84).
E:\Documents\Development\CPP\Lix\Interpreter\Parser.cpp(320): warning C26444: Avoid unnamed objects with custom construction and destruction (es.84).
E:\Documents\Development\CPP\Lix\Interpreter\Token.cpp(14): warning C26495: Variable 'Token::m_uiLine' is uninitialized. Always initialize a member variable (type.6).
E:\Documents\Development\CPP\Lix\Interpreter\Vm.cpp(825): warning C26812: The enum type 'Vm::InterpretResult' is unscoped. Prefer 'enum class' over 'enum' (Enum.3).
